<?xml version="1.0" encoding="utf-8"?><testsuites name="pytest tests"><testsuite name="pytest" errors="0" failures="0" skipped="0" tests="9" time="6.669" timestamp="2026-04-23T16:36:49.574685+00:00" hostname="agent-env-f8651312-a335-4457-975b-8aa7c4600ec5"><testcase classname="backend.tests.test_api.TestHealth" name="test_root" time="0.468" /><testcase classname="backend.tests.test_api.TestHealth" name="test_health_email_configured" time="0.360" /><testcase classname="backend.tests.test_api.TestContact" name="test_create_inquiry_valid_with_new_fields" time="0.958" /><testcase classname="backend.tests.test_api.TestContact" name="test_create_inquiry_brand_identity" time="0.677" /><testcase classname="backend.tests.test_api.TestContact" name="test_create_inquiry_minimal" time="0.811" /><testcase classname="backend.tests.test_api.TestContact" name="test_invalid_email_returns_422" time="0.321" /><testcase classname="backend.tests.test_api.TestContact" name="test_empty_message_returns_422" time="0.322" /><testcase classname="backend.tests.test_api.TestContact" name="test_list_inquiries_no_id_leak_and_sorted" time="1.422" /><testcase classname="backend.tests.test_api.TestStatus" name="test_status_no_id_leak" time="0.559" /></testsuite></testsuites>