<?xml version="1.0" encoding="utf-8"?><testsuites name="pytest tests"><testsuite name="pytest" errors="0" failures="0" skipped="0" tests="7" time="2.225" timestamp="2026-04-22T18:33:58.879733+00:00" hostname="agent-env-f8651312-a335-4457-975b-8aa7c4600ec5"><testcase classname="backend.tests.test_api.TestHealth" name="test_root" time="0.260" /><testcase classname="backend.tests.test_api.TestHealth" name="test_health_email_not_configured" time="0.191" /><testcase classname="backend.tests.test_api.TestContact" name="test_create_inquiry_valid" time="0.345" /><testcase classname="backend.tests.test_api.TestContact" name="test_invalid_email_returns_422" time="0.172" /><testcase classname="backend.tests.test_api.TestContact" name="test_empty_message_returns_422" time="0.226" /><testcase classname="backend.tests.test_api.TestContact" name="test_list_inquiries_no_id_leak_and_sorted" time="0.279" /><testcase classname="backend.tests.test_api.TestStatus" name="test_status_no_id_leak" time="0.309" /></testsuite></testsuites>